<?xml version="1.0" encoding="UTF-8"?>
<!-- Generated by org.testng.reporters.JUnitReportReporter -->
<testsuite skipped="0" hostname="BestBook.local" name="Tests.Acceptance" tests="11" failures="0" timestamp="08 May 2018 01:05:29 GMT" time="148.193" errors="0">
  <testcase name="clickDoneVerifyOverviewScreenOpens" time="11.119" classname="Tests.Acceptance"/>
  <testcase name="defaultNameIsDisplayed" time="11.129" classname="Tests.Acceptance"/>
  <testcase name="changedNamePassedToOverviewScreen" time="15.009" classname="Tests.Acceptance"/>
  <testcase name="changedNamePassedToOverviewScreen" time="14.956" classname="Tests.Acceptance"/>
  <testcase name="nameIsDisplayedInBio" time="14.670" classname="Tests.Acceptance"/>
  <testcase name="nameIsDisplayedInBio" time="14.602" classname="Tests.Acceptance"/>
  <testcase name="changedNamePassedToOverviewScreen" time="14.840" classname="Tests.Acceptance"/>
  <testcase name="nameIsDisplayedInBio" time="14.543" classname="Tests.Acceptance"/>
  <testcase name="clickChangeVerifyCustomizeScreenOpens" time="12.355" classname="Tests.Acceptance"/>
  <testcase name="clickInfoVerifyInfoScreenOpens" time="12.272" classname="Tests.Acceptance"/>
  <testcase name="shareMenuDisplayed" time="12.698" classname="Tests.Acceptance"/>
</testsuite> <!-- Tests.Acceptance -->
